<testsuites>
  <testsuite name="Testcase_Inspection_App_FlaUI_BDD.dll" tests="10" skipped="0" failures="2" errors="0" time="156.5588499" timestamp="2026-06-21T16:57:44" hostname="BAOGO-F16" id="0" package="Testcase_Inspection_App_FlaUI_BDD.dll">
    <properties />
    <testcase classname="Testcase_Inspection_App_FlaUI_BDD.Features.SemiInspectionDesktopTestsFeature" name="TC01_ImportRecipeToRecipe_Data" time="23.2635370">
      <failure type="failure" message="System.InvalidOperationException : 無法找到開啟檔案對話框，請確認 Import / Open 對話框已顯示。">at Inspection_AppTests.PageObjects.FileDialogPage.OpenFile(String fullPath, Int32 timeoutMs, Boolean requireFileExists) in C:\Users\BaoGo\Documents\ClaudeCode_Project\SQA_Inspetion_App\Automation_testcase\Project_FlaUIBDD\Testcase_Inspection_App_FlaUI_BDD\PageObjects\FileDialogPage.cs:line 52
   at Inspection_AppTests.StepDefinitions.Inspection_AppSteps.WhenISelectSampleInspectionRecipeInFileDialog() in C:\Users\BaoGo\Documents\ClaudeCode_Project\SQA_Inspetion_App\Automation_testcase\Project_FlaUIBDD\Testcase_Inspection_App_FlaUI_BDD\StepDefinitions\Inspection_AppSteps.cs:line 75
   at InvokeStub_Action`1.Invoke(Object, Span`1)
   at System.Reflection.MethodBaseInvoker.InvokeWithOneArg(Object obj, BindingFlags invokeAttr, Binder binder, Object[] parameters, CultureInfo culture)
   at TechTalk.SpecFlow.Bindings.BindingInvoker.InvokeBinding(IBinding binding, IContextManager contextManager, Object[] arguments, ITestTracer testTracer, TimeSpan&amp; duration)
   at TechTalk.SpecFlow.Infrastructure.TestExecutionEngine.ExecuteStepMatch(BindingMatch match, Object[] arguments, TimeSpan&amp; duration)
   at TechTalk.SpecFlow.Infrastructure.TestExecutionEngine.ExecuteStep(IContextManager contextManager, StepInstance stepInstance)
   at TechTalk.SpecFlow.Infrastructure.TestExecutionEngine.OnAfterLastStep()
   at TechTalk.SpecFlow.TestRunner.CollectScenarioErrors()
   at Testcase_Inspection_App_FlaUI_BDD.Features.SemiInspectionDesktopTestsFeature.ScenarioCleanup()
   at Testcase_Inspection_App_FlaUI_BDD.Features.SemiInspectionDesktopTestsFeature.TC01_ImportRecipeToRecipe_Data() in C:\Users\BaoGo\Documents\ClaudeCode_Project\SQA_Inspetion_App\Automation_testcase\Project_FlaUIBDD\Testcase_Inspection_App_FlaUI_BDD\Features\Inspection_App.feature:line 19
   at System.RuntimeMethodHandle.InvokeMethod(Object target, Void** arguments, Signature sig, Boolean isConstructor)
   at System.Reflection.MethodBaseInvoker.InvokeWithNoArgs(Object obj, BindingFlags invokeAttr)</failure>
      <system-out><![CDATA[-> duration: TestHooks.BeforeScenario(): 2.6s
Given test data is ready
-> done: Inspection_AppSteps.GivenTestDataIsReady() (0.0s)
截圖已儲存: C:\Users\BaoGo\Documents\ClaudeCode_Project\SQA_Inspetion_App\Automation_testcase\Project_FlaUIBDD\Testcase_Inspection_App_FlaUI_BDD\bin\Release\net8.0-windows\Screenshots\TC01_-_Import_Recipe_to_Recipe_data_001_step-end_步驟完成_005749192.png
And the application has relaunched
-> duration: Inspection_AppSteps.GivenTheApplicationHasRelaunched(): 3.8s
-> done: Inspection_AppSteps.GivenTheApplicationHasRelaunched() (3.8s)
截圖已儲存: C:\Users\BaoGo\Documents\ClaudeCode_Project\SQA_Inspetion_App\Automation_testcase\Project_FlaUIBDD\Testcase_Inspection_App_FlaUI_BDD\bin\Release\net8.0-windows\Screenshots\TC01_-_Import_Recipe_to_Recipe_data_002_step-end_步驟完成_005753068.png
When I click toolbar "Import Recipe"
-> duration: Inspection_AppSteps.WhenIClickToolbar("Import Recipe"): 2.8s
-> done: Inspection_AppSteps.WhenIClickToolbar("Import Recipe") (2.8s)
截圖已儲存: C:\Users\BaoGo\Documents\ClaudeCode_Project\SQA_Inspetion_App\Automation_testcase\Project_FlaUIBDD\Testcase_Inspection_App_FlaUI_BDD\bin\Release\net8.0-windows\Screenshots\TC01_-_Import_Recipe_to_Recipe_data_003_step-end_步驟完成_005755857.png
And I select sample InspectionRecipe_Sample.json in the file dialog
-> error: 無法找到開啟檔案對話框，請確認 Import / Open 對話框已顯示。 (12.6s)
截圖已儲存: C:\Users\BaoGo\Documents\ClaudeCode_Project\SQA_Inspetion_App\Automation_testcase\Project_FlaUIBDD\Testcase_Inspection_App_FlaUI_BDD\bin\Release\net8.0-windows\Screenshots\TC01_-_Import_Recipe_to_Recipe_data_004_step-end_步驟完成_005808528.png
And I click toolbar "RawData"
-> skipped because of previous errors
Then Recipe_data should contain InspectionRecipe_Sample.json
-> skipped because of previous errors
And the data table should be visible
-> skipped because of previous errors
And the RawData view should show filename InspectionRecipe_Sample.json
-> skipped because of previous errors
And the RawData parameter table should contain "Layer1_AOI_Recipe_v1"
-> skipped because of previous errors
And the RawData parameter table should contain "W-20260605-001"
-> skipped because of previous errors
And the RawData parameter table should contain "Brightfield"
-> skipped because of previous errors
And the log should contain "Import Recipe"
-> skipped because of previous errors
-> duration: Scenario: TC01 - Import Recipe to Recipe_data: 22.0s
截圖已儲存: C:\Users\BaoGo\Documents\ClaudeCode_Project\SQA_Inspetion_App\Automation_testcase\Project_FlaUIBDD\Testcase_Inspection_App_FlaUI_BDD\bin\Release\net8.0-windows\Screenshots\TC01_-_Import_Recipe_to_Recipe_data_005_complete_測試完成_005808562.png
-> duration: TestHooks.AfterScenario(): 1.3s

]]></system-out>
    </testcase>
    <testcase classname="Testcase_Inspection_App_FlaUI_BDD.Features.SemiInspectionDesktopTestsFeature" name="TC02_FileTreeShowsRecipe_Data" time="5.0566259">
      <system-out><![CDATA[-> duration: TestHooks.BeforeScenario(): 2.6s
Given test data is ready
-> done: Inspection_AppSteps.GivenTestDataIsReady() (0.0s)
截圖已儲存: C:\Users\BaoGo\Documents\ClaudeCode_Project\SQA_Inspetion_App\Automation_testcase\Project_FlaUIBDD\Testcase_Inspection_App_FlaUI_BDD\bin\Release\net8.0-windows\Screenshots\TC02_-_File_Tree_shows_Recipe_data_001_step-end_步驟完成_005812392.png
And the application has started
-> duration: Inspection_AppSteps.GivenTheApplicationHasStarted(): 1.0s
-> done: Inspection_AppSteps.GivenTheApplicationHasStarted() (1.0s)
截圖已儲存: C:\Users\BaoGo\Documents\ClaudeCode_Project\SQA_Inspetion_App\Automation_testcase\Project_FlaUIBDD\Testcase_Inspection_App_FlaUI_BDD\bin\Release\net8.0-windows\Screenshots\TC02_-_File_Tree_shows_Recipe_data_002_step-end_步驟完成_005813439.png
Then the main window title should be "Semi Inspection Desktop"
-> done: Inspection_AppSteps.ThenTheMainWindowTitleShouldBe("Semi Inspection D...") (0.0s)
截圖已儲存: C:\Users\BaoGo\Documents\ClaudeCode_Project\SQA_Inspetion_App\Automation_testcase\Project_FlaUIBDD\Testcase_Inspection_App_FlaUI_BDD\bin\Release\net8.0-windows\Screenshots\TC02_-_File_Tree_shows_Recipe_data_003_step-end_步驟完成_005813469.png
And the file tree should be visible
-> done: Inspection_AppSteps.ThenTheFileTreeShouldBeVisible() (0.0s)
截圖已儲存: C:\Users\BaoGo\Documents\ClaudeCode_Project\SQA_Inspetion_App\Automation_testcase\Project_FlaUIBDD\Testcase_Inspection_App_FlaUI_BDD\bin\Release\net8.0-windows\Screenshots\TC02_-_File_Tree_shows_Recipe_data_004_step-end_步驟完成_005813503.png
And Recipe_data should contain InspectionRecipe_Sample.json
-> done: Inspection_AppSteps.ThenRecipeDataShouldContainInspectionRecipeSampleJson() (0.0s)
截圖已儲存: C:\Users\BaoGo\Documents\ClaudeCode_Project\SQA_Inspetion_App\Automation_testcase\Project_FlaUIBDD\Testcase_Inspection_App_FlaUI_BDD\bin\Release\net8.0-windows\Screenshots\TC02_-_File_Tree_shows_Recipe_data_005_step-end_步驟完成_005813525.png
-> duration: Scenario: TC02 - File Tree shows Recipe_data: 3.7s
截圖已儲存: C:\Users\BaoGo\Documents\ClaudeCode_Project\SQA_Inspetion_App\Automation_testcase\Project_FlaUIBDD\Testcase_Inspection_App_FlaUI_BDD\bin\Release\net8.0-windows\Screenshots\TC02_-_File_Tree_shows_Recipe_data_006_complete_測試完成_005813553.png
-> duration: TestHooks.AfterScenario(): 1.3s

]]></system-out>
    </testcase>
    <testcase classname="Testcase_Inspection_App_FlaUI_BDD.Features.SemiInspectionDesktopTestsFeature" name="TC03_RawDataParameterTable" time="7.2340530">
      <system-out><![CDATA[-> duration: TestHooks.BeforeScenario(): 2.6s
Given test data is ready
-> done: Inspection_AppSteps.GivenTestDataIsReady() (0.0s)
截圖已儲存: C:\Users\BaoGo\Documents\ClaudeCode_Project\SQA_Inspetion_App\Automation_testcase\Project_FlaUIBDD\Testcase_Inspection_App_FlaUI_BDD\bin\Release\net8.0-windows\Screenshots\TC03_-_RawData_parameter_table_001_step-end_步驟完成_005817464.png
And the application has started
-> duration: Inspection_AppSteps.GivenTheApplicationHasStarted(): 1.0s
-> done: Inspection_AppSteps.GivenTheApplicationHasStarted() (1.0s)
截圖已儲存: C:\Users\BaoGo\Documents\ClaudeCode_Project\SQA_Inspetion_App\Automation_testcase\Project_FlaUIBDD\Testcase_Inspection_App_FlaUI_BDD\bin\Release\net8.0-windows\Screenshots\TC03_-_RawData_parameter_table_002_step-end_步驟完成_005818504.png
When I click toolbar "RawData"
-> duration: Inspection_AppSteps.WhenIClickToolbar("RawData"): 2.0s
-> done: Inspection_AppSteps.WhenIClickToolbar("RawData") (2.0s)
截圖已儲存: C:\Users\BaoGo\Documents\ClaudeCode_Project\SQA_Inspetion_App\Automation_testcase\Project_FlaUIBDD\Testcase_Inspection_App_FlaUI_BDD\bin\Release\net8.0-windows\Screenshots\TC03_-_RawData_parameter_table_003_step-end_步驟完成_005820571.png
Then the data table should be visible
-> done: Inspection_AppSteps.ThenTheDataTableShouldBeVisible() (0.0s)
截圖已儲存: C:\Users\BaoGo\Documents\ClaudeCode_Project\SQA_Inspetion_App\Automation_testcase\Project_FlaUIBDD\Testcase_Inspection_App_FlaUI_BDD\bin\Release\net8.0-windows\Screenshots\TC03_-_RawData_parameter_table_004_step-end_步驟完成_005820629.png
And the log should contain "RawData"
-> duration: Inspection_AppSteps.ThenTheLogShouldContain("RawData"): 136.2ms
-> done: Inspection_AppSteps.ThenTheLogShouldContain("RawData") (0.1s)
截圖已儲存: C:\Users\BaoGo\Documents\ClaudeCode_Project\SQA_Inspetion_App\Automation_testcase\Project_FlaUIBDD\Testcase_Inspection_App_FlaUI_BDD\bin\Release\net8.0-windows\Screenshots\TC03_-_RawData_parameter_table_005_step-end_步驟完成_005820800.png
-> duration: Scenario: TC03 - RawData parameter table: 5.9s
截圖已儲存: C:\Users\BaoGo\Documents\ClaudeCode_Project\SQA_Inspetion_App\Automation_testcase\Project_FlaUIBDD\Testcase_Inspection_App_FlaUI_BDD\bin\Release\net8.0-windows\Screenshots\TC03_-_RawData_parameter_table_006_complete_測試完成_005820823.png
-> duration: TestHooks.AfterScenario(): 1.3s

]]></system-out>
    </testcase>
    <testcase classname="Testcase_Inspection_App_FlaUI_BDD.Features.SemiInspectionDesktopTestsFeature" name="TC04_DefectChart" time="9.6873880">
      <system-out><![CDATA[-> duration: TestHooks.BeforeScenario(): 2.6s
Given test data is ready
-> done: Inspection_AppSteps.GivenTestDataIsReady() (0.0s)
截圖已儲存: C:\Users\BaoGo\Documents\ClaudeCode_Project\SQA_Inspetion_App\Automation_testcase\Project_FlaUIBDD\Testcase_Inspection_App_FlaUI_BDD\bin\Release\net8.0-windows\Screenshots\TC04_-_Defect_Chart_001_step-end_步驟完成_005824693.png
And the application has started
-> duration: Inspection_AppSteps.GivenTheApplicationHasStarted(): 1.0s
-> done: Inspection_AppSteps.GivenTheApplicationHasStarted() (1.0s)
截圖已儲存: C:\Users\BaoGo\Documents\ClaudeCode_Project\SQA_Inspetion_App\Automation_testcase\Project_FlaUIBDD\Testcase_Inspection_App_FlaUI_BDD\bin\Release\net8.0-windows\Screenshots\TC04_-_Defect_Chart_002_step-end_步驟完成_005825742.png
When I click toolbar "RawData"
-> duration: Inspection_AppSteps.WhenIClickToolbar("RawData"): 2.0s
-> done: Inspection_AppSteps.WhenIClickToolbar("RawData") (2.0s)
截圖已儲存: C:\Users\BaoGo\Documents\ClaudeCode_Project\SQA_Inspetion_App\Automation_testcase\Project_FlaUIBDD\Testcase_Inspection_App_FlaUI_BDD\bin\Release\net8.0-windows\Screenshots\TC04_-_Defect_Chart_003_step-end_步驟完成_005827805.png
And I click toolbar "Defect Chart"
-> duration: Inspection_AppSteps.WhenIClickToolbar("Defect Chart"): 2.7s
-> done: Inspection_AppSteps.WhenIClickToolbar("Defect Chart") (2.7s)
截圖已儲存: C:\Users\BaoGo\Documents\ClaudeCode_Project\SQA_Inspetion_App\Automation_testcase\Project_FlaUIBDD\Testcase_Inspection_App_FlaUI_BDD\bin\Release\net8.0-windows\Screenshots\TC04_-_Defect_Chart_004_step-end_步驟完成_005830505.png
Then the log should contain "Defect Chart"
-> done: Inspection_AppSteps.ThenTheLogShouldContain("Defect Chart") (0.0s)
截圖已儲存: C:\Users\BaoGo\Documents\ClaudeCode_Project\SQA_Inspetion_App\Automation_testcase\Project_FlaUIBDD\Testcase_Inspection_App_FlaUI_BDD\bin\Release\net8.0-windows\Screenshots\TC04_-_Defect_Chart_005_step-end_步驟完成_005830565.png
-> duration: Scenario: TC04 - Defect Chart: 8.5s
截圖已儲存: C:\Users\BaoGo\Documents\ClaudeCode_Project\SQA_Inspetion_App\Automation_testcase\Project_FlaUIBDD\Testcase_Inspection_App_FlaUI_BDD\bin\Release\net8.0-windows\Screenshots\TC04_-_Defect_Chart_006_complete_測試完成_005830589.png
-> duration: TestHooks.AfterScenario(): 1.2s

]]></system-out>
    </testcase>
    <testcase classname="Testcase_Inspection_App_FlaUI_BDD.Features.SemiInspectionDesktopTestsFeature" name="TC05_Double_ClickRecipeInFileTree" time="7.3762940">
      <system-out><![CDATA[-> duration: TestHooks.BeforeScenario(): 2.6s
Given test data is ready
-> done: Inspection_AppSteps.GivenTestDataIsReady() (0.0s)
截圖已儲存: C:\Users\BaoGo\Documents\ClaudeCode_Project\SQA_Inspetion_App\Automation_testcase\Project_FlaUIBDD\Testcase_Inspection_App_FlaUI_BDD\bin\Release\net8.0-windows\Screenshots\TC05_-_Double-click_Recipe_in_file_tree_001_step-end_步驟完成_005834374.png
And the application has started
-> duration: Inspection_AppSteps.GivenTheApplicationHasStarted(): 1.0s
-> done: Inspection_AppSteps.GivenTheApplicationHasStarted() (1.0s)
截圖已儲存: C:\Users\BaoGo\Documents\ClaudeCode_Project\SQA_Inspetion_App\Automation_testcase\Project_FlaUIBDD\Testcase_Inspection_App_FlaUI_BDD\bin\Release\net8.0-windows\Screenshots\TC05_-_Double-click_Recipe_in_file_tree_002_step-end_步驟完成_005835443.png
When I double-click InspectionRecipe_Sample.json in the file tree
截圖已儲存: C:\Users\BaoGo\Documents\ClaudeCode_Project\SQA_Inspetion_App\Automation_testcase\Project_FlaUIBDD\Testcase_Inspection_App_FlaUI_BDD\bin\Release\net8.0-windows\Screenshots\TC05_-_Double-click_Recipe_in_file_tree_003_click_點擊__雙擊_InspectionRecipe_Sample.json_005835751.png
-> duration: Inspection_AppSteps.WhenIDoubleClickInspectionRecipeInFileTree(): 1.9s
-> done: Inspection_AppSteps.WhenIDoubleClickInspectionRecipeInFileTree() (1.9s)
截圖已儲存: C:\Users\BaoGo\Documents\ClaudeCode_Project\SQA_Inspetion_App\Automation_testcase\Project_FlaUIBDD\Testcase_Inspection_App_FlaUI_BDD\bin\Release\net8.0-windows\Screenshots\TC05_-_Double-click_Recipe_in_file_tree_004_step-end_步驟完成_005837374.png
Then the data table should be visible
-> done: Inspection_AppSteps.ThenTheDataTableShouldBeVisible() (0.0s)
截圖已儲存: C:\Users\BaoGo\Documents\ClaudeCode_Project\SQA_Inspetion_App\Automation_testcase\Project_FlaUIBDD\Testcase_Inspection_App_FlaUI_BDD\bin\Release\net8.0-windows\Screenshots\TC05_-_Double-click_Recipe_in_file_tree_005_step-end_步驟完成_005837480.png
And the log should contain "Recipe"
-> duration: Inspection_AppSteps.ThenTheLogShouldContain("Recipe"): 190.1ms
-> done: Inspection_AppSteps.ThenTheLogShouldContain("Recipe") (0.2s)
截圖已儲存: C:\Users\BaoGo\Documents\ClaudeCode_Project\SQA_Inspetion_App\Automation_testcase\Project_FlaUIBDD\Testcase_Inspection_App_FlaUI_BDD\bin\Release\net8.0-windows\Screenshots\TC05_-_Double-click_Recipe_in_file_tree_006_step-end_步驟完成_005837705.png
-> duration: Scenario: TC05 - Double-click Recipe in file tree: 5.9s
截圖已儲存: C:\Users\BaoGo\Documents\ClaudeCode_Project\SQA_Inspetion_App\Automation_testcase\Project_FlaUIBDD\Testcase_Inspection_App_FlaUI_BDD\bin\Release\net8.0-windows\Screenshots\TC05_-_Double-click_Recipe_in_file_tree_007_complete_測試完成_005837740.png
-> duration: TestHooks.AfterScenario(): 1.4s

]]></system-out>
    </testcase>
    <testcase classname="Testcase_Inspection_App_FlaUI_BDD.Features.SemiInspectionDesktopTestsFeature" name="TC06_AboutDialog" time="44.4952940">
      <system-out><![CDATA[-> duration: TestHooks.BeforeScenario(): 2.6s
Given the application has started
-> duration: Inspection_AppSteps.GivenTheApplicationHasStarted(): 1.0s
-> done: Inspection_AppSteps.GivenTheApplicationHasStarted() (1.0s)
截圖已儲存: C:\Users\BaoGo\Documents\ClaudeCode_Project\SQA_Inspetion_App\Automation_testcase\Project_FlaUIBDD\Testcase_Inspection_App_FlaUI_BDD\bin\Release\net8.0-windows\Screenshots\TC06_-_About_dialog_001_step-end_步驟完成_005842786.png
When I click toolbar "About"
-> duration: Inspection_AppSteps.WhenIClickToolbar("About"): 38.7s
-> done: Inspection_AppSteps.WhenIClickToolbar("About") (38.7s)
截圖已儲存: C:\Users\BaoGo\Documents\ClaudeCode_Project\SQA_Inspetion_App\Automation_testcase\Project_FlaUIBDD\Testcase_Inspection_App_FlaUI_BDD\bin\Release\net8.0-windows\Screenshots\TC06_-_About_dialog_002_step-end_步驟完成_005921539.png
And I close the message dialog
截圖已儲存: C:\Users\BaoGo\Documents\ClaudeCode_Project\SQA_Inspetion_App\Automation_testcase\Project_FlaUIBDD\Testcase_Inspection_App_FlaUI_BDD\bin\Release\net8.0-windows\Screenshots\TC06_-_About_dialog_003_click_點擊__上移一行_005921990.png
-> duration: Inspection_AppSteps.WhenICloseTheMessageDialog(): 0.7s
-> done: Inspection_AppSteps.WhenICloseTheMessageDialog() (0.7s)
截圖已儲存: C:\Users\BaoGo\Documents\ClaudeCode_Project\SQA_Inspetion_App\Automation_testcase\Project_FlaUIBDD\Testcase_Inspection_App_FlaUI_BDD\bin\Release\net8.0-windows\Screenshots\TC06_-_About_dialog_004_step-end_步驟完成_005922341.png
-> duration: Scenario: TC06 - About dialog: 43.2s
截圖已儲存: C:\Users\BaoGo\Documents\ClaudeCode_Project\SQA_Inspetion_App\Automation_testcase\Project_FlaUIBDD\Testcase_Inspection_App_FlaUI_BDD\bin\Release\net8.0-windows\Screenshots\TC06_-_About_dialog_005_complete_測試完成_005922378.png
-> duration: TestHooks.AfterScenario(): 1.3s

]]></system-out>
    </testcase>
    <testcase classname="Testcase_Inspection_App_FlaUI_BDD.Features.SemiInspectionDesktopTestsFeature" name="TC07_ImportNon_JSONFile" time="20.2003280">
      <failure type="failure" message="System.InvalidOperationException : 無法找到開啟檔案對話框，請確認 Import / Open 對話框已顯示。">at Inspection_AppTests.PageObjects.FileDialogPage.OpenFile(String fullPath, Int32 timeoutMs, Boolean requireFileExists) in C:\Users\BaoGo\Documents\ClaudeCode_Project\SQA_Inspetion_App\Automation_testcase\Project_FlaUIBDD\Testcase_Inspection_App_FlaUI_BDD\PageObjects\FileDialogPage.cs:line 52
   at Inspection_AppTests.StepDefinitions.Inspection_AppSteps.WhenISelectInvalidFileInFileDialog() in C:\Users\BaoGo\Documents\ClaudeCode_Project\SQA_Inspetion_App\Automation_testcase\Project_FlaUIBDD\Testcase_Inspection_App_FlaUI_BDD\StepDefinitions\Inspection_AppSteps.cs:line 82
   at InvokeStub_Action`1.Invoke(Object, Span`1)
   at System.Reflection.MethodBaseInvoker.InvokeWithOneArg(Object obj, BindingFlags invokeAttr, Binder binder, Object[] parameters, CultureInfo culture)
   at TechTalk.SpecFlow.Bindings.BindingInvoker.InvokeBinding(IBinding binding, IContextManager contextManager, Object[] arguments, ITestTracer testTracer, TimeSpan&amp; duration)
   at TechTalk.SpecFlow.Infrastructure.TestExecutionEngine.ExecuteStepMatch(BindingMatch match, Object[] arguments, TimeSpan&amp; duration)
   at TechTalk.SpecFlow.Infrastructure.TestExecutionEngine.ExecuteStep(IContextManager contextManager, StepInstance stepInstance)
   at TechTalk.SpecFlow.Infrastructure.TestExecutionEngine.OnAfterLastStep()
   at TechTalk.SpecFlow.TestRunner.CollectScenarioErrors()
   at Testcase_Inspection_App_FlaUI_BDD.Features.SemiInspectionDesktopTestsFeature.ScenarioCleanup()
   at Testcase_Inspection_App_FlaUI_BDD.Features.SemiInspectionDesktopTestsFeature.TC07_ImportNon_JSONFile() in C:\Users\BaoGo\Documents\ClaudeCode_Project\SQA_Inspetion_App\Automation_testcase\Project_FlaUIBDD\Testcase_Inspection_App_FlaUI_BDD\Features\Inspection_App.feature:line 66
   at System.RuntimeMethodHandle.InvokeMethod(Object target, Void** arguments, Signature sig, Boolean isConstructor)
   at System.Reflection.MethodBaseInvoker.InvokeWithNoArgs(Object obj, BindingFlags invokeAttr)</failure>
      <system-out><![CDATA[-> duration: TestHooks.BeforeScenario(): 2.6s
Given test data is ready
-> done: Inspection_AppSteps.GivenTestDataIsReady() (0.0s)
截圖已儲存: C:\Users\BaoGo\Documents\ClaudeCode_Project\SQA_Inspetion_App\Automation_testcase\Project_FlaUIBDD\Testcase_Inspection_App_FlaUI_BDD\bin\Release\net8.0-windows\Screenshots\TC07_-_Import_non-JSON_file_001_step-end_步驟完成_005926243.png
And the application has started
-> duration: Inspection_AppSteps.GivenTheApplicationHasStarted(): 1.0s
-> done: Inspection_AppSteps.GivenTheApplicationHasStarted() (1.0s)
截圖已儲存: C:\Users\BaoGo\Documents\ClaudeCode_Project\SQA_Inspetion_App\Automation_testcase\Project_FlaUIBDD\Testcase_Inspection_App_FlaUI_BDD\bin\Release\net8.0-windows\Screenshots\TC07_-_Import_non-JSON_file_002_step-end_步驟完成_005927288.png
When I click toolbar "Import Recipe"
-> duration: Inspection_AppSteps.WhenIClickToolbar("Import Recipe"): 2.7s
-> done: Inspection_AppSteps.WhenIClickToolbar("Import Recipe") (2.7s)
截圖已儲存: C:\Users\BaoGo\Documents\ClaudeCode_Project\SQA_Inspetion_App\Automation_testcase\Project_FlaUIBDD\Testcase_Inspection_App_FlaUI_BDD\bin\Release\net8.0-windows\Screenshots\TC07_-_Import_non-JSON_file_003_step-end_步驟完成_005930090.png
And I select invalid file _invalid_sample.txt in the file dialog
-> error: 無法找到開啟檔案對話框，請確認 Import / Open 對話框已顯示。 (12.5s)
截圖已儲存: C:\Users\BaoGo\Documents\ClaudeCode_Project\SQA_Inspetion_App\Automation_testcase\Project_FlaUIBDD\Testcase_Inspection_App_FlaUI_BDD\bin\Release\net8.0-windows\Screenshots\TC07_-_Import_non-JSON_file_004_step-end_步驟完成_005942590.png
Then the invalid file should not be copied as TC01_import_copy.json
-> skipped because of previous errors
And I close the message dialog
-> skipped because of previous errors
-> duration: Scenario: TC07 - Import non-JSON file: 18.9s
截圖已儲存: C:\Users\BaoGo\Documents\ClaudeCode_Project\SQA_Inspetion_App\Automation_testcase\Project_FlaUIBDD\Testcase_Inspection_App_FlaUI_BDD\bin\Release\net8.0-windows\Screenshots\TC07_-_Import_non-JSON_file_005_complete_測試完成_005942625.png
-> duration: TestHooks.AfterScenario(): 1.3s

]]></system-out>
    </testcase>
    <testcase classname="Testcase_Inspection_App_FlaUI_BDD.Features.SemiInspectionDesktopTestsFeature" name="TC08_ChartWithoutRecipe" time="10.8648380">
      <system-out><![CDATA[-> duration: TestHooks.BeforeScenario(): 2.6s
Given the application has relaunched
-> duration: Inspection_AppSteps.GivenTheApplicationHasRelaunched(): 4.0s
-> done: Inspection_AppSteps.GivenTheApplicationHasRelaunched() (4.0s)
截圖已儲存: C:\Users\BaoGo\Documents\ClaudeCode_Project\SQA_Inspetion_App\Automation_testcase\Project_FlaUIBDD\Testcase_Inspection_App_FlaUI_BDD\bin\Release\net8.0-windows\Screenshots\TC08_-_Chart_without_Recipe_001_step-end_步驟完成_005950424.png
When I click toolbar "Defect Chart"
-> duration: Inspection_AppSteps.WhenIClickToolbar("Defect Chart"): 2.7s
-> done: Inspection_AppSteps.WhenIClickToolbar("Defect Chart") (2.7s)
截圖已儲存: C:\Users\BaoGo\Documents\ClaudeCode_Project\SQA_Inspetion_App\Automation_testcase\Project_FlaUIBDD\Testcase_Inspection_App_FlaUI_BDD\bin\Release\net8.0-windows\Screenshots\TC08_-_Chart_without_Recipe_002_step-end_步驟完成_005953189.png
Then the main window should still exist
-> done: Inspection_AppSteps.ThenTheMainWindowShouldStillExist() (0.0s)
截圖已儲存: C:\Users\BaoGo\Documents\ClaudeCode_Project\SQA_Inspetion_App\Automation_testcase\Project_FlaUIBDD\Testcase_Inspection_App_FlaUI_BDD\bin\Release\net8.0-windows\Screenshots\TC08_-_Chart_without_Recipe_003_step-end_步驟完成_005953265.png
-> duration: Scenario: TC08 - Chart without Recipe: 9.4s
截圖已儲存: C:\Users\BaoGo\Documents\ClaudeCode_Project\SQA_Inspetion_App\Automation_testcase\Project_FlaUIBDD\Testcase_Inspection_App_FlaUI_BDD\bin\Release\net8.0-windows\Screenshots\TC08_-_Chart_without_Recipe_004_complete_測試完成_005953317.png
-> duration: TestHooks.AfterScenario(): 1.4s

]]></system-out>
    </testcase>
    <testcase classname="Testcase_Inspection_App_FlaUI_BDD.Features.SemiInspectionDesktopTestsFeature" name="TC09_OpenNon_ExistentRecipe" time="19.5643240">
      <system-out><![CDATA[-> duration: TestHooks.BeforeScenario(): 2.6s
Given the application has started
-> duration: Inspection_AppSteps.GivenTheApplicationHasStarted(): 1.0s
-> done: Inspection_AppSteps.GivenTheApplicationHasStarted() (1.0s)
截圖已儲存: C:\Users\BaoGo\Documents\ClaudeCode_Project\SQA_Inspetion_App\Automation_testcase\Project_FlaUIBDD\Testcase_Inspection_App_FlaUI_BDD\bin\Release\net8.0-windows\Screenshots\TC09_-_Open_non-existent_Recipe_001_step-end_步驟完成_005958320.png
When I open RawData via shortcut and select missing file not_exist_99999.json
-> duration: Inspection_AppSteps.WhenIOpenRawDataViaShortcutAndSelectMissingFile(): 14.5s
-> done: Inspection_AppSteps.WhenIOpenRawDataViaShortcutAndSelectMissingFile() (14.5s)
截圖已儲存: C:\Users\BaoGo\Documents\ClaudeCode_Project\SQA_Inspetion_App\Automation_testcase\Project_FlaUIBDD\Testcase_Inspection_App_FlaUI_BDD\bin\Release\net8.0-windows\Screenshots\TC09_-_Open_non-existent_Recipe_002_step-end_步驟完成_010012857.png
Then the main window should still exist
-> done: Inspection_AppSteps.ThenTheMainWindowShouldStillExist() (0.0s)
截圖已儲存: C:\Users\BaoGo\Documents\ClaudeCode_Project\SQA_Inspetion_App\Automation_testcase\Project_FlaUIBDD\Testcase_Inspection_App_FlaUI_BDD\bin\Release\net8.0-windows\Screenshots\TC09_-_Open_non-existent_Recipe_003_step-end_步驟完成_010012900.png
-> duration: Scenario: TC09 - Open non-existent Recipe: 18.2s
截圖已儲存: C:\Users\BaoGo\Documents\ClaudeCode_Project\SQA_Inspetion_App\Automation_testcase\Project_FlaUIBDD\Testcase_Inspection_App_FlaUI_BDD\bin\Release\net8.0-windows\Screenshots\TC09_-_Open_non-existent_Recipe_004_complete_測試完成_010012930.png
-> duration: TestHooks.AfterScenario(): 1.4s

]]></system-out>
    </testcase>
    <testcase classname="Testcase_Inspection_App_FlaUI_BDD.Features.SemiInspectionDesktopTestsFeature" name="TC10_RunInspectionSimulation" time="8.8161680">
      <system-out><![CDATA[-> duration: TestHooks.BeforeScenario(): 2.6s
Given test data is ready
-> done: Inspection_AppSteps.GivenTestDataIsReady() (0.0s)
截圖已儲存: C:\Users\BaoGo\Documents\ClaudeCode_Project\SQA_Inspetion_App\Automation_testcase\Project_FlaUIBDD\Testcase_Inspection_App_FlaUI_BDD\bin\Release\net8.0-windows\Screenshots\TC10_-_Run_Inspection_simulation_001_step-end_步驟完成_010016868.png
And the application has started
-> duration: Inspection_AppSteps.GivenTheApplicationHasStarted(): 1.0s
-> done: Inspection_AppSteps.GivenTheApplicationHasStarted() (1.0s)
截圖已儲存: C:\Users\BaoGo\Documents\ClaudeCode_Project\SQA_Inspetion_App\Automation_testcase\Project_FlaUIBDD\Testcase_Inspection_App_FlaUI_BDD\bin\Release\net8.0-windows\Screenshots\TC10_-_Run_Inspection_simulation_002_step-end_步驟完成_010017906.png
When I click toolbar "RawData"
-> duration: Inspection_AppSteps.WhenIClickToolbar("RawData"): 2.0s
-> done: Inspection_AppSteps.WhenIClickToolbar("RawData") (2.0s)
截圖已儲存: C:\Users\BaoGo\Documents\ClaudeCode_Project\SQA_Inspetion_App\Automation_testcase\Project_FlaUIBDD\Testcase_Inspection_App_FlaUI_BDD\bin\Release\net8.0-windows\Screenshots\TC10_-_Run_Inspection_simulation_003_step-end_步驟完成_010019973.png
And I click toolbar "Run Inspection"
-> duration: Inspection_AppSteps.WhenIClickToolbar("Run Inspection"): 1.7s
-> done: Inspection_AppSteps.WhenIClickToolbar("Run Inspection") (1.7s)
截圖已儲存: C:\Users\BaoGo\Documents\ClaudeCode_Project\SQA_Inspetion_App\Automation_testcase\Project_FlaUIBDD\Testcase_Inspection_App_FlaUI_BDD\bin\Release\net8.0-windows\Screenshots\TC10_-_Run_Inspection_simulation_004_step-end_步驟完成_010021702.png
Then the log should contain "Run Inspection"
-> duration: Inspection_AppSteps.ThenTheLogShouldContain("Run Inspection"): 137.5ms
-> done: Inspection_AppSteps.ThenTheLogShouldContain("Run Inspection") (0.1s)
截圖已儲存: C:\Users\BaoGo\Documents\ClaudeCode_Project\SQA_Inspetion_App\Automation_testcase\Project_FlaUIBDD\Testcase_Inspection_App_FlaUI_BDD\bin\Release\net8.0-windows\Screenshots\TC10_-_Run_Inspection_simulation_005_step-end_步驟完成_010021875.png
-> duration: Scenario: TC10 - Run Inspection simulation: 7.6s
截圖已儲存: C:\Users\BaoGo\Documents\ClaudeCode_Project\SQA_Inspetion_App\Automation_testcase\Project_FlaUIBDD\Testcase_Inspection_App_FlaUI_BDD\bin\Release\net8.0-windows\Screenshots\TC10_-_Run_Inspection_simulation_006_complete_測試完成_010021898.png
-> duration: TestHooks.AfterScenario(): 1.2s

]]></system-out>
    </testcase>
    <system-out>
Test Framework Informational Messages:
NUnit Adapter 5.0.0.0: Test execution started
Running all tests in C:\Users\BaoGo\Documents\ClaudeCode_Project\SQA_Inspetion_App\Automation_testcase\Project_FlaUIBDD\Testcase_Inspection_App_FlaUI_BDD\bin\Release\net8.0-windows\Testcase_Inspection_App_FlaUI_BDD.dll
   NUnit3TestExecutor discovered 10 of 10 NUnit test cases using Current Discovery mode, Non-Explicit run
-&gt; duration: TestHooks.BeforeScenario(): 2.6s
Given test data is ready
-&gt; done: Inspection_AppSteps.GivenTestDataIsReady() (0.0s)
截圖已儲存: C:\Users\BaoGo\Documents\ClaudeCode_Project\SQA_Inspetion_App\Automation_testcase\Project_FlaUIBDD\Testcase_Inspection_App_FlaUI_BDD\bin\Release\net8.0-windows\Screenshots\TC01_-_Import_Recipe_to_Recipe_data_001_step-end_步驟完成_005749192.png
And the application has relaunched
-&gt; duration: Inspection_AppSteps.GivenTheApplicationHasRelaunched(): 3.8s
-&gt; done: Inspection_AppSteps.GivenTheApplicationHasRelaunched() (3.8s)
截圖已儲存: C:\Users\BaoGo\Documents\ClaudeCode_Project\SQA_Inspetion_App\Automation_testcase\Project_FlaUIBDD\Testcase_Inspection_App_FlaUI_BDD\bin\Release\net8.0-windows\Screenshots\TC01_-_Import_Recipe_to_Recipe_data_002_step-end_步驟完成_005753068.png
When I click toolbar "Import Recipe"
-&gt; duration: Inspection_AppSteps.WhenIClickToolbar("Import Recipe"): 2.8s
-&gt; done: Inspection_AppSteps.WhenIClickToolbar("Import Recipe") (2.8s)
截圖已儲存: C:\Users\BaoGo\Documents\ClaudeCode_Project\SQA_Inspetion_App\Automation_testcase\Project_FlaUIBDD\Testcase_Inspection_App_FlaUI_BDD\bin\Release\net8.0-windows\Screenshots\TC01_-_Import_Recipe_to_Recipe_data_003_step-end_步驟完成_005755857.png
And I select sample InspectionRecipe_Sample.json in the file dialog
-&gt; error: 無法找到開啟檔案對話框，請確認 Import / Open 對話框已顯示。 (12.6s)
截圖已儲存: C:\Users\BaoGo\Documents\ClaudeCode_Project\SQA_Inspetion_App\Automation_testcase\Project_FlaUIBDD\Testcase_Inspection_App_FlaUI_BDD\bin\Release\net8.0-windows\Screenshots\TC01_-_Import_Recipe_to_Recipe_data_004_step-end_步驟完成_005808528.png
And I click toolbar "RawData"
-&gt; skipped because of previous errors
Then Recipe_data should contain InspectionRecipe_Sample.json
-&gt; skipped because of previous errors
And the data table should be visible
-&gt; skipped because of previous errors
And the RawData view should show filename InspectionRecipe_Sample.json
-&gt; skipped because of previous errors
And the RawData parameter table should contain "Layer1_AOI_Recipe_v1"
-&gt; skipped because of previous errors
And the RawData parameter table should contain "W-20260605-001"
-&gt; skipped because of previous errors
And the RawData parameter table should contain "Brightfield"
-&gt; skipped because of previous errors
And the log should contain "Import Recipe"
-&gt; skipped because of previous errors
-&gt; duration: Scenario: TC01 - Import Recipe to Recipe_data: 22.0s
截圖已儲存: C:\Users\BaoGo\Documents\ClaudeCode_Project\SQA_Inspetion_App\Automation_testcase\Project_FlaUIBDD\Testcase_Inspection_App_FlaUI_BDD\bin\Release\net8.0-windows\Screenshots\TC01_-_Import_Recipe_to_Recipe_data_005_complete_測試完成_005808562.png
-&gt; duration: TestHooks.AfterScenario(): 1.3s

-&gt; duration: TestHooks.BeforeScenario(): 2.6s
Given test data is ready
-&gt; done: Inspection_AppSteps.GivenTestDataIsReady() (0.0s)
截圖已儲存: C:\Users\BaoGo\Documents\ClaudeCode_Project\SQA_Inspetion_App\Automation_testcase\Project_FlaUIBDD\Testcase_Inspection_App_FlaUI_BDD\bin\Release\net8.0-windows\Screenshots\TC02_-_File_Tree_shows_Recipe_data_001_step-end_步驟完成_005812392.png
And the application has started
-&gt; duration: Inspection_AppSteps.GivenTheApplicationHasStarted(): 1.0s
-&gt; done: Inspection_AppSteps.GivenTheApplicationHasStarted() (1.0s)
截圖已儲存: C:\Users\BaoGo\Documents\ClaudeCode_Project\SQA_Inspetion_App\Automation_testcase\Project_FlaUIBDD\Testcase_Inspection_App_FlaUI_BDD\bin\Release\net8.0-windows\Screenshots\TC02_-_File_Tree_shows_Recipe_data_002_step-end_步驟完成_005813439.png
Then the main window title should be "Semi Inspection Desktop"
-&gt; done: Inspection_AppSteps.ThenTheMainWindowTitleShouldBe("Semi Inspection D...") (0.0s)
截圖已儲存: C:\Users\BaoGo\Documents\ClaudeCode_Project\SQA_Inspetion_App\Automation_testcase\Project_FlaUIBDD\Testcase_Inspection_App_FlaUI_BDD\bin\Release\net8.0-windows\Screenshots\TC02_-_File_Tree_shows_Recipe_data_003_step-end_步驟完成_005813469.png
And the file tree should be visible
-&gt; done: Inspection_AppSteps.ThenTheFileTreeShouldBeVisible() (0.0s)
截圖已儲存: C:\Users\BaoGo\Documents\ClaudeCode_Project\SQA_Inspetion_App\Automation_testcase\Project_FlaUIBDD\Testcase_Inspection_App_FlaUI_BDD\bin\Release\net8.0-windows\Screenshots\TC02_-_File_Tree_shows_Recipe_data_004_step-end_步驟完成_005813503.png
And Recipe_data should contain InspectionRecipe_Sample.json
-&gt; done: Inspection_AppSteps.ThenRecipeDataShouldContainInspectionRecipeSampleJson() (0.0s)
截圖已儲存: C:\Users\BaoGo\Documents\ClaudeCode_Project\SQA_Inspetion_App\Automation_testcase\Project_FlaUIBDD\Testcase_Inspection_App_FlaUI_BDD\bin\Release\net8.0-windows\Screenshots\TC02_-_File_Tree_shows_Recipe_data_005_step-end_步驟完成_005813525.png
-&gt; duration: Scenario: TC02 - File Tree shows Recipe_data: 3.7s
截圖已儲存: C:\Users\BaoGo\Documents\ClaudeCode_Project\SQA_Inspetion_App\Automation_testcase\Project_FlaUIBDD\Testcase_Inspection_App_FlaUI_BDD\bin\Release\net8.0-windows\Screenshots\TC02_-_File_Tree_shows_Recipe_data_006_complete_測試完成_005813553.png
-&gt; duration: TestHooks.AfterScenario(): 1.3s

-&gt; duration: TestHooks.BeforeScenario(): 2.6s
Given test data is ready
-&gt; done: Inspection_AppSteps.GivenTestDataIsReady() (0.0s)
截圖已儲存: C:\Users\BaoGo\Documents\ClaudeCode_Project\SQA_Inspetion_App\Automation_testcase\Project_FlaUIBDD\Testcase_Inspection_App_FlaUI_BDD\bin\Release\net8.0-windows\Screenshots\TC03_-_RawData_parameter_table_001_step-end_步驟完成_005817464.png
And the application has started
-&gt; duration: Inspection_AppSteps.GivenTheApplicationHasStarted(): 1.0s
-&gt; done: Inspection_AppSteps.GivenTheApplicationHasStarted() (1.0s)
截圖已儲存: C:\Users\BaoGo\Documents\ClaudeCode_Project\SQA_Inspetion_App\Automation_testcase\Project_FlaUIBDD\Testcase_Inspection_App_FlaUI_BDD\bin\Release\net8.0-windows\Screenshots\TC03_-_RawData_parameter_table_002_step-end_步驟完成_005818504.png
When I click toolbar "RawData"
-&gt; duration: Inspection_AppSteps.WhenIClickToolbar("RawData"): 2.0s
-&gt; done: Inspection_AppSteps.WhenIClickToolbar("RawData") (2.0s)
截圖已儲存: C:\Users\BaoGo\Documents\ClaudeCode_Project\SQA_Inspetion_App\Automation_testcase\Project_FlaUIBDD\Testcase_Inspection_App_FlaUI_BDD\bin\Release\net8.0-windows\Screenshots\TC03_-_RawData_parameter_table_003_step-end_步驟完成_005820571.png
Then the data table should be visible
-&gt; done: Inspection_AppSteps.ThenTheDataTableShouldBeVisible() (0.0s)
截圖已儲存: C:\Users\BaoGo\Documents\ClaudeCode_Project\SQA_Inspetion_App\Automation_testcase\Project_FlaUIBDD\Testcase_Inspection_App_FlaUI_BDD\bin\Release\net8.0-windows\Screenshots\TC03_-_RawData_parameter_table_004_step-end_步驟完成_005820629.png
And the log should contain "RawData"
-&gt; duration: Inspection_AppSteps.ThenTheLogShouldContain("RawData"): 136.2ms
-&gt; done: Inspection_AppSteps.ThenTheLogShouldContain("RawData") (0.1s)
截圖已儲存: C:\Users\BaoGo\Documents\ClaudeCode_Project\SQA_Inspetion_App\Automation_testcase\Project_FlaUIBDD\Testcase_Inspection_App_FlaUI_BDD\bin\Release\net8.0-windows\Screenshots\TC03_-_RawData_parameter_table_005_step-end_步驟完成_005820800.png
-&gt; duration: Scenario: TC03 - RawData parameter table: 5.9s
截圖已儲存: C:\Users\BaoGo\Documents\ClaudeCode_Project\SQA_Inspetion_App\Automation_testcase\Project_FlaUIBDD\Testcase_Inspection_App_FlaUI_BDD\bin\Release\net8.0-windows\Screenshots\TC03_-_RawData_parameter_table_006_complete_測試完成_005820823.png
-&gt; duration: TestHooks.AfterScenario(): 1.3s

-&gt; duration: TestHooks.BeforeScenario(): 2.6s
Given test data is ready
-&gt; done: Inspection_AppSteps.GivenTestDataIsReady() (0.0s)
截圖已儲存: C:\Users\BaoGo\Documents\ClaudeCode_Project\SQA_Inspetion_App\Automation_testcase\Project_FlaUIBDD\Testcase_Inspection_App_FlaUI_BDD\bin\Release\net8.0-windows\Screenshots\TC04_-_Defect_Chart_001_step-end_步驟完成_005824693.png
And the application has started
-&gt; duration: Inspection_AppSteps.GivenTheApplicationHasStarted(): 1.0s
-&gt; done: Inspection_AppSteps.GivenTheApplicationHasStarted() (1.0s)
截圖已儲存: C:\Users\BaoGo\Documents\ClaudeCode_Project\SQA_Inspetion_App\Automation_testcase\Project_FlaUIBDD\Testcase_Inspection_App_FlaUI_BDD\bin\Release\net8.0-windows\Screenshots\TC04_-_Defect_Chart_002_step-end_步驟完成_005825742.png
When I click toolbar "RawData"
-&gt; duration: Inspection_AppSteps.WhenIClickToolbar("RawData"): 2.0s
-&gt; done: Inspection_AppSteps.WhenIClickToolbar("RawData") (2.0s)
截圖已儲存: C:\Users\BaoGo\Documents\ClaudeCode_Project\SQA_Inspetion_App\Automation_testcase\Project_FlaUIBDD\Testcase_Inspection_App_FlaUI_BDD\bin\Release\net8.0-windows\Screenshots\TC04_-_Defect_Chart_003_step-end_步驟完成_005827805.png
And I click toolbar "Defect Chart"
-&gt; duration: Inspection_AppSteps.WhenIClickToolbar("Defect Chart"): 2.7s
-&gt; done: Inspection_AppSteps.WhenIClickToolbar("Defect Chart") (2.7s)
截圖已儲存: C:\Users\BaoGo\Documents\ClaudeCode_Project\SQA_Inspetion_App\Automation_testcase\Project_FlaUIBDD\Testcase_Inspection_App_FlaUI_BDD\bin\Release\net8.0-windows\Screenshots\TC04_-_Defect_Chart_004_step-end_步驟完成_005830505.png
Then the log should contain "Defect Chart"
-&gt; done: Inspection_AppSteps.ThenTheLogShouldContain("Defect Chart") (0.0s)
截圖已儲存: C:\Users\BaoGo\Documents\ClaudeCode_Project\SQA_Inspetion_App\Automation_testcase\Project_FlaUIBDD\Testcase_Inspection_App_FlaUI_BDD\bin\Release\net8.0-windows\Screenshots\TC04_-_Defect_Chart_005_step-end_步驟完成_005830565.png
-&gt; duration: Scenario: TC04 - Defect Chart: 8.5s
截圖已儲存: C:\Users\BaoGo\Documents\ClaudeCode_Project\SQA_Inspetion_App\Automation_testcase\Project_FlaUIBDD\Testcase_Inspection_App_FlaUI_BDD\bin\Release\net8.0-windows\Screenshots\TC04_-_Defect_Chart_006_complete_測試完成_005830589.png
-&gt; duration: TestHooks.AfterScenario(): 1.2s

-&gt; duration: TestHooks.BeforeScenario(): 2.6s
Given test data is ready
-&gt; done: Inspection_AppSteps.GivenTestDataIsReady() (0.0s)
截圖已儲存: C:\Users\BaoGo\Documents\ClaudeCode_Project\SQA_Inspetion_App\Automation_testcase\Project_FlaUIBDD\Testcase_Inspection_App_FlaUI_BDD\bin\Release\net8.0-windows\Screenshots\TC05_-_Double-click_Recipe_in_file_tree_001_step-end_步驟完成_005834374.png
And the application has started
-&gt; duration: Inspection_AppSteps.GivenTheApplicationHasStarted(): 1.0s
-&gt; done: Inspection_AppSteps.GivenTheApplicationHasStarted() (1.0s)
截圖已儲存: C:\Users\BaoGo\Documents\ClaudeCode_Project\SQA_Inspetion_App\Automation_testcase\Project_FlaUIBDD\Testcase_Inspection_App_FlaUI_BDD\bin\Release\net8.0-windows\Screenshots\TC05_-_Double-click_Recipe_in_file_tree_002_step-end_步驟完成_005835443.png
When I double-click InspectionRecipe_Sample.json in the file tree
截圖已儲存: C:\Users\BaoGo\Documents\ClaudeCode_Project\SQA_Inspetion_App\Automation_testcase\Project_FlaUIBDD\Testcase_Inspection_App_FlaUI_BDD\bin\Release\net8.0-windows\Screenshots\TC05_-_Double-click_Recipe_in_file_tree_003_click_點擊__雙擊_InspectionRecipe_Sample.json_005835751.png
-&gt; duration: Inspection_AppSteps.WhenIDoubleClickInspectionRecipeInFileTree(): 1.9s
-&gt; done: Inspection_AppSteps.WhenIDoubleClickInspectionRecipeInFileTree() (1.9s)
截圖已儲存: C:\Users\BaoGo\Documents\ClaudeCode_Project\SQA_Inspetion_App\Automation_testcase\Project_FlaUIBDD\Testcase_Inspection_App_FlaUI_BDD\bin\Release\net8.0-windows\Screenshots\TC05_-_Double-click_Recipe_in_file_tree_004_step-end_步驟完成_005837374.png
Then the data table should be visible
-&gt; done: Inspection_AppSteps.ThenTheDataTableShouldBeVisible() (0.0s)
截圖已儲存: C:\Users\BaoGo\Documents\ClaudeCode_Project\SQA_Inspetion_App\Automation_testcase\Project_FlaUIBDD\Testcase_Inspection_App_FlaUI_BDD\bin\Release\net8.0-windows\Screenshots\TC05_-_Double-click_Recipe_in_file_tree_005_step-end_步驟完成_005837480.png
And the log should contain "Recipe"
-&gt; duration: Inspection_AppSteps.ThenTheLogShouldContain("Recipe"): 190.1ms
-&gt; done: Inspection_AppSteps.ThenTheLogShouldContain("Recipe") (0.2s)
截圖已儲存: C:\Users\BaoGo\Documents\ClaudeCode_Project\SQA_Inspetion_App\Automation_testcase\Project_FlaUIBDD\Testcase_Inspection_App_FlaUI_BDD\bin\Release\net8.0-windows\Screenshots\TC05_-_Double-click_Recipe_in_file_tree_006_step-end_步驟完成_005837705.png
-&gt; duration: Scenario: TC05 - Double-click Recipe in file tree: 5.9s
截圖已儲存: C:\Users\BaoGo\Documents\ClaudeCode_Project\SQA_Inspetion_App\Automation_testcase\Project_FlaUIBDD\Testcase_Inspection_App_FlaUI_BDD\bin\Release\net8.0-windows\Screenshots\TC05_-_Double-click_Recipe_in_file_tree_007_complete_測試完成_005837740.png
-&gt; duration: TestHooks.AfterScenario(): 1.4s

-&gt; duration: TestHooks.BeforeScenario(): 2.6s
Given the application has started
-&gt; duration: Inspection_AppSteps.GivenTheApplicationHasStarted(): 1.0s
-&gt; done: Inspection_AppSteps.GivenTheApplicationHasStarted() (1.0s)
截圖已儲存: C:\Users\BaoGo\Documents\ClaudeCode_Project\SQA_Inspetion_App\Automation_testcase\Project_FlaUIBDD\Testcase_Inspection_App_FlaUI_BDD\bin\Release\net8.0-windows\Screenshots\TC06_-_About_dialog_001_step-end_步驟完成_005842786.png
When I click toolbar "About"
-&gt; duration: Inspection_AppSteps.WhenIClickToolbar("About"): 38.7s
-&gt; done: Inspection_AppSteps.WhenIClickToolbar("About") (38.7s)
截圖已儲存: C:\Users\BaoGo\Documents\ClaudeCode_Project\SQA_Inspetion_App\Automation_testcase\Project_FlaUIBDD\Testcase_Inspection_App_FlaUI_BDD\bin\Release\net8.0-windows\Screenshots\TC06_-_About_dialog_002_step-end_步驟完成_005921539.png
And I close the message dialog
截圖已儲存: C:\Users\BaoGo\Documents\ClaudeCode_Project\SQA_Inspetion_App\Automation_testcase\Project_FlaUIBDD\Testcase_Inspection_App_FlaUI_BDD\bin\Release\net8.0-windows\Screenshots\TC06_-_About_dialog_003_click_點擊__上移一行_005921990.png
-&gt; duration: Inspection_AppSteps.WhenICloseTheMessageDialog(): 0.7s
-&gt; done: Inspection_AppSteps.WhenICloseTheMessageDialog() (0.7s)
截圖已儲存: C:\Users\BaoGo\Documents\ClaudeCode_Project\SQA_Inspetion_App\Automation_testcase\Project_FlaUIBDD\Testcase_Inspection_App_FlaUI_BDD\bin\Release\net8.0-windows\Screenshots\TC06_-_About_dialog_004_step-end_步驟完成_005922341.png
-&gt; duration: Scenario: TC06 - About dialog: 43.2s
截圖已儲存: C:\Users\BaoGo\Documents\ClaudeCode_Project\SQA_Inspetion_App\Automation_testcase\Project_FlaUIBDD\Testcase_Inspection_App_FlaUI_BDD\bin\Release\net8.0-windows\Screenshots\TC06_-_About_dialog_005_complete_測試完成_005922378.png
-&gt; duration: TestHooks.AfterScenario(): 1.3s

-&gt; duration: TestHooks.BeforeScenario(): 2.6s
Given test data is ready
-&gt; done: Inspection_AppSteps.GivenTestDataIsReady() (0.0s)
截圖已儲存: C:\Users\BaoGo\Documents\ClaudeCode_Project\SQA_Inspetion_App\Automation_testcase\Project_FlaUIBDD\Testcase_Inspection_App_FlaUI_BDD\bin\Release\net8.0-windows\Screenshots\TC07_-_Import_non-JSON_file_001_step-end_步驟完成_005926243.png
And the application has started
-&gt; duration: Inspection_AppSteps.GivenTheApplicationHasStarted(): 1.0s
-&gt; done: Inspection_AppSteps.GivenTheApplicationHasStarted() (1.0s)
截圖已儲存: C:\Users\BaoGo\Documents\ClaudeCode_Project\SQA_Inspetion_App\Automation_testcase\Project_FlaUIBDD\Testcase_Inspection_App_FlaUI_BDD\bin\Release\net8.0-windows\Screenshots\TC07_-_Import_non-JSON_file_002_step-end_步驟完成_005927288.png
When I click toolbar "Import Recipe"
-&gt; duration: Inspection_AppSteps.WhenIClickToolbar("Import Recipe"): 2.7s
-&gt; done: Inspection_AppSteps.WhenIClickToolbar("Import Recipe") (2.7s)
截圖已儲存: C:\Users\BaoGo\Documents\ClaudeCode_Project\SQA_Inspetion_App\Automation_testcase\Project_FlaUIBDD\Testcase_Inspection_App_FlaUI_BDD\bin\Release\net8.0-windows\Screenshots\TC07_-_Import_non-JSON_file_003_step-end_步驟完成_005930090.png
And I select invalid file _invalid_sample.txt in the file dialog
-&gt; error: 無法找到開啟檔案對話框，請確認 Import / Open 對話框已顯示。 (12.5s)
截圖已儲存: C:\Users\BaoGo\Documents\ClaudeCode_Project\SQA_Inspetion_App\Automation_testcase\Project_FlaUIBDD\Testcase_Inspection_App_FlaUI_BDD\bin\Release\net8.0-windows\Screenshots\TC07_-_Import_non-JSON_file_004_step-end_步驟完成_005942590.png
Then the invalid file should not be copied as TC01_import_copy.json
-&gt; skipped because of previous errors
And I close the message dialog
-&gt; skipped because of previous errors
-&gt; duration: Scenario: TC07 - Import non-JSON file: 18.9s
截圖已儲存: C:\Users\BaoGo\Documents\ClaudeCode_Project\SQA_Inspetion_App\Automation_testcase\Project_FlaUIBDD\Testcase_Inspection_App_FlaUI_BDD\bin\Release\net8.0-windows\Screenshots\TC07_-_Import_non-JSON_file_005_complete_測試完成_005942625.png
-&gt; duration: TestHooks.AfterScenario(): 1.3s

-&gt; duration: TestHooks.BeforeScenario(): 2.6s
Given the application has relaunched
-&gt; duration: Inspection_AppSteps.GivenTheApplicationHasRelaunched(): 4.0s
-&gt; done: Inspection_AppSteps.GivenTheApplicationHasRelaunched() (4.0s)
截圖已儲存: C:\Users\BaoGo\Documents\ClaudeCode_Project\SQA_Inspetion_App\Automation_testcase\Project_FlaUIBDD\Testcase_Inspection_App_FlaUI_BDD\bin\Release\net8.0-windows\Screenshots\TC08_-_Chart_without_Recipe_001_step-end_步驟完成_005950424.png
When I click toolbar "Defect Chart"
-&gt; duration: Inspection_AppSteps.WhenIClickToolbar("Defect Chart"): 2.7s
-&gt; done: Inspection_AppSteps.WhenIClickToolbar("Defect Chart") (2.7s)
截圖已儲存: C:\Users\BaoGo\Documents\ClaudeCode_Project\SQA_Inspetion_App\Automation_testcase\Project_FlaUIBDD\Testcase_Inspection_App_FlaUI_BDD\bin\Release\net8.0-windows\Screenshots\TC08_-_Chart_without_Recipe_002_step-end_步驟完成_005953189.png
Then the main window should still exist
-&gt; done: Inspection_AppSteps.ThenTheMainWindowShouldStillExist() (0.0s)
截圖已儲存: C:\Users\BaoGo\Documents\ClaudeCode_Project\SQA_Inspetion_App\Automation_testcase\Project_FlaUIBDD\Testcase_Inspection_App_FlaUI_BDD\bin\Release\net8.0-windows\Screenshots\TC08_-_Chart_without_Recipe_003_step-end_步驟完成_005953265.png
-&gt; duration: Scenario: TC08 - Chart without Recipe: 9.4s
截圖已儲存: C:\Users\BaoGo\Documents\ClaudeCode_Project\SQA_Inspetion_App\Automation_testcase\Project_FlaUIBDD\Testcase_Inspection_App_FlaUI_BDD\bin\Release\net8.0-windows\Screenshots\TC08_-_Chart_without_Recipe_004_complete_測試完成_005953317.png
-&gt; duration: TestHooks.AfterScenario(): 1.4s

-&gt; duration: TestHooks.BeforeScenario(): 2.6s
Given the application has started
-&gt; duration: Inspection_AppSteps.GivenTheApplicationHasStarted(): 1.0s
-&gt; done: Inspection_AppSteps.GivenTheApplicationHasStarted() (1.0s)
截圖已儲存: C:\Users\BaoGo\Documents\ClaudeCode_Project\SQA_Inspetion_App\Automation_testcase\Project_FlaUIBDD\Testcase_Inspection_App_FlaUI_BDD\bin\Release\net8.0-windows\Screenshots\TC09_-_Open_non-existent_Recipe_001_step-end_步驟完成_005958320.png
When I open RawData via shortcut and select missing file not_exist_99999.json
-&gt; duration: Inspection_AppSteps.WhenIOpenRawDataViaShortcutAndSelectMissingFile(): 14.5s
-&gt; done: Inspection_AppSteps.WhenIOpenRawDataViaShortcutAndSelectMissingFile() (14.5s)
截圖已儲存: C:\Users\BaoGo\Documents\ClaudeCode_Project\SQA_Inspetion_App\Automation_testcase\Project_FlaUIBDD\Testcase_Inspection_App_FlaUI_BDD\bin\Release\net8.0-windows\Screenshots\TC09_-_Open_non-existent_Recipe_002_step-end_步驟完成_010012857.png
Then the main window should still exist
-&gt; done: Inspection_AppSteps.ThenTheMainWindowShouldStillExist() (0.0s)
截圖已儲存: C:\Users\BaoGo\Documents\ClaudeCode_Project\SQA_Inspetion_App\Automation_testcase\Project_FlaUIBDD\Testcase_Inspection_App_FlaUI_BDD\bin\Release\net8.0-windows\Screenshots\TC09_-_Open_non-existent_Recipe_003_step-end_步驟完成_010012900.png
-&gt; duration: Scenario: TC09 - Open non-existent Recipe: 18.2s
截圖已儲存: C:\Users\BaoGo\Documents\ClaudeCode_Project\SQA_Inspetion_App\Automation_testcase\Project_FlaUIBDD\Testcase_Inspection_App_FlaUI_BDD\bin\Release\net8.0-windows\Screenshots\TC09_-_Open_non-existent_Recipe_004_complete_測試完成_010012930.png
-&gt; duration: TestHooks.AfterScenario(): 1.4s

-&gt; duration: TestHooks.BeforeScenario(): 2.6s
Given test data is ready
-&gt; done: Inspection_AppSteps.GivenTestDataIsReady() (0.0s)
截圖已儲存: C:\Users\BaoGo\Documents\ClaudeCode_Project\SQA_Inspetion_App\Automation_testcase\Project_FlaUIBDD\Testcase_Inspection_App_FlaUI_BDD\bin\Release\net8.0-windows\Screenshots\TC10_-_Run_Inspection_simulation_001_step-end_步驟完成_010016868.png
And the application has started
-&gt; duration: Inspection_AppSteps.GivenTheApplicationHasStarted(): 1.0s
-&gt; done: Inspection_AppSteps.GivenTheApplicationHasStarted() (1.0s)
截圖已儲存: C:\Users\BaoGo\Documents\ClaudeCode_Project\SQA_Inspetion_App\Automation_testcase\Project_FlaUIBDD\Testcase_Inspection_App_FlaUI_BDD\bin\Release\net8.0-windows\Screenshots\TC10_-_Run_Inspection_simulation_002_step-end_步驟完成_010017906.png
When I click toolbar "RawData"
-&gt; duration: Inspection_AppSteps.WhenIClickToolbar("RawData"): 2.0s
-&gt; done: Inspection_AppSteps.WhenIClickToolbar("RawData") (2.0s)
截圖已儲存: C:\Users\BaoGo\Documents\ClaudeCode_Project\SQA_Inspetion_App\Automation_testcase\Project_FlaUIBDD\Testcase_Inspection_App_FlaUI_BDD\bin\Release\net8.0-windows\Screenshots\TC10_-_Run_Inspection_simulation_003_step-end_步驟完成_010019973.png
And I click toolbar "Run Inspection"
-&gt; duration: Inspection_AppSteps.WhenIClickToolbar("Run Inspection"): 1.7s
-&gt; done: Inspection_AppSteps.WhenIClickToolbar("Run Inspection") (1.7s)
截圖已儲存: C:\Users\BaoGo\Documents\ClaudeCode_Project\SQA_Inspetion_App\Automation_testcase\Project_FlaUIBDD\Testcase_Inspection_App_FlaUI_BDD\bin\Release\net8.0-windows\Screenshots\TC10_-_Run_Inspection_simulation_004_step-end_步驟完成_010021702.png
Then the log should contain "Run Inspection"
-&gt; duration: Inspection_AppSteps.ThenTheLogShouldContain("Run Inspection"): 137.5ms
-&gt; done: Inspection_AppSteps.ThenTheLogShouldContain("Run Inspection") (0.1s)
截圖已儲存: C:\Users\BaoGo\Documents\ClaudeCode_Project\SQA_Inspetion_App\Automation_testcase\Project_FlaUIBDD\Testcase_Inspection_App_FlaUI_BDD\bin\Release\net8.0-windows\Screenshots\TC10_-_Run_Inspection_simulation_005_step-end_步驟完成_010021875.png
-&gt; duration: Scenario: TC10 - Run Inspection simulation: 7.6s
截圖已儲存: C:\Users\BaoGo\Documents\ClaudeCode_Project\SQA_Inspetion_App\Automation_testcase\Project_FlaUIBDD\Testcase_Inspection_App_FlaUI_BDD\bin\Release\net8.0-windows\Screenshots\TC10_-_Run_Inspection_simulation_006_complete_測試完成_010021898.png
-&gt; duration: TestHooks.AfterScenario(): 1.2s

NUnit Adapter 5.0.0.0: Test execution complete
</system-out>
    <system-err></system-err>
  </testsuite>
</testsuites>