<testsuites>
  <testsuite name="Testcase_demo2_desktop_FlaUI_BDD.dll" tests="1" skipped="0" failures="0" errors="0" time="35.507187" timestamp="2026-06-21T15:33:56" hostname="BAOGO-F16" id="0" package="Testcase_demo2_desktop_FlaUI_BDD.dll">
    <properties />
    <testcase classname="Testcase_demo2_desktop_FlaUI_BDD.Features" name="SemiInspectionDesktop測試Feature.TC01_ImportRecipe至Recipe_Data" time="35.5071870">
      <system-out><![CDATA[-> duration: TestHooks.BeforeScenario(): 2.9s
Given 測試資料已就緒
-> done: Demo2DesktopSteps.Given測試資料已就緒() (0.0s)
截圖已儲存: C:\Users\BaoGo\Documents\ClaudeCode_Project\SQA_Inspetion_App\Automation_testcase\Project_FlaUIBDD\Testcase_demo2_desktop_FlaUI_BDD\bin\Release\net8.0-windows\Screenshots\TC01_-_Import_Recipe_至_Recipe_data_001_step-end_步驟完成_233401771.png
-> duration: TestHooks.AfterStep(): 188.5ms
And 應用程式已重新啟動
-> duration: Demo2DesktopSteps.Given應用程式已重新啟動(): 4.4s
-> done: Demo2DesktopSteps.Given應用程式已重新啟動() (4.4s)
截圖已儲存: C:\Users\BaoGo\Documents\ClaudeCode_Project\SQA_Inspetion_App\Automation_testcase\Project_FlaUIBDD\Testcase_demo2_desktop_FlaUI_BDD\bin\Release\net8.0-windows\Screenshots\TC01_-_Import_Recipe_至_Recipe_data_002_step-end_步驟完成_233406407.png
-> duration: TestHooks.AfterStep(): 106.3ms
When 我點擊工具列「Import Recipe」
-> duration: Demo2DesktopSteps.When我點擊工具列("Import Recipe"): 2.8s
-> done: Demo2DesktopSteps.When我點擊工具列("Import Recipe") (2.8s)
截圖已儲存: C:\Users\BaoGo\Documents\ClaudeCode_Project\SQA_Inspetion_App\Automation_testcase\Project_FlaUIBDD\Testcase_demo2_desktop_FlaUI_BDD\bin\Release\net8.0-windows\Screenshots\TC01_-_Import_Recipe_至_Recipe_data_003_step-end_步驟完成_233409283.png
-> duration: TestHooks.AfterStep(): 101.7ms
And 我在檔案對話框選擇樣本 InspectionRecipe_Sample.json
桌面截圖已儲存: C:\Users\BaoGo\Documents\ClaudeCode_Project\SQA_Inspetion_App\Automation_testcase\Project_FlaUIBDD\Testcase_demo2_desktop_FlaUI_BDD\bin\Release\net8.0-windows\Screenshots\TC01_-_Import_Recipe_至_Recipe_data_004_action_找不到檔名欄位_233414658.png
桌面截圖已儲存: C:\Users\BaoGo\Documents\ClaudeCode_Project\SQA_Inspetion_App\Automation_testcase\Project_FlaUIBDD\Testcase_demo2_desktop_FlaUI_BDD\bin\Release\net8.0-windows\Screenshots\TC01_-_Import_Recipe_至_Recipe_data_005_action_路徑已輸入__InspectionRecipe_Sample.json_233416118.png
-> duration: Demo2DesktopSteps.When我在檔案對話框選擇樣本Recipe(): 11.6s
-> done: Demo2DesktopSteps.When我在檔案對話框選擇樣本Recipe() (11.6s)
截圖已儲存: C:\Users\BaoGo\Documents\ClaudeCode_Project\SQA_Inspetion_App\Automation_testcase\Project_FlaUIBDD\Testcase_demo2_desktop_FlaUI_BDD\bin\Release\net8.0-windows\Screenshots\TC01_-_Import_Recipe_至_Recipe_data_006_step-end_步驟完成_233420971.png
And 我點擊工具列「RawData」
-> duration: Demo2DesktopSteps.When我點擊工具列("RawData"): 2.1s
-> done: Demo2DesktopSteps.When我點擊工具列("RawData") (2.1s)
截圖已儲存: C:\Users\BaoGo\Documents\ClaudeCode_Project\SQA_Inspetion_App\Automation_testcase\Project_FlaUIBDD\Testcase_demo2_desktop_FlaUI_BDD\bin\Release\net8.0-windows\Screenshots\TC01_-_Import_Recipe_至_Recipe_data_007_step-end_步驟完成_233423140.png
Then Recipe_data 應存在 InspectionRecipe_Sample.json
-> done: Demo2DesktopSteps.ThenRecipe_data應存在Sample() (0.0s)
截圖已儲存: C:\Users\BaoGo\Documents\ClaudeCode_Project\SQA_Inspetion_App\Automation_testcase\Project_FlaUIBDD\Testcase_demo2_desktop_FlaUI_BDD\bin\Release\net8.0-windows\Screenshots\TC01_-_Import_Recipe_至_Recipe_data_008_step-end_步驟完成_233423243.png
And 資料表應可見
-> done: Demo2DesktopSteps.Then資料表應可見() (0.1s)
截圖已儲存: C:\Users\BaoGo\Documents\ClaudeCode_Project\SQA_Inspetion_App\Automation_testcase\Project_FlaUIBDD\Testcase_demo2_desktop_FlaUI_BDD\bin\Release\net8.0-windows\Screenshots\TC01_-_Import_Recipe_至_Recipe_data_009_step-end_步驟完成_233423427.png
And RawData 視窗應顯示檔名 InspectionRecipe_Sample.json
-> duration: Demo2DesktopSteps.ThenRawData視窗應顯示檔名("InspectionRecipe_..."): 177.8ms
-> done: Demo2DesktopSteps.ThenRawData視窗應顯示檔名("InspectionRecipe_...") (0.2s)
截圖已儲存: C:\Users\BaoGo\Documents\ClaudeCode_Project\SQA_Inspetion_App\Automation_testcase\Project_FlaUIBDD\Testcase_demo2_desktop_FlaUI_BDD\bin\Release\net8.0-windows\Screenshots\TC01_-_Import_Recipe_至_Recipe_data_010_step-end_步驟完成_233423693.png
And RawData 參數表應包含「Layer1_AOI_Recipe_v1」
-> duration: Demo2DesktopSteps.ThenRawData參數表應包含("Layer1_AOI_Recipe_v1"): 0.3s
-> done: Demo2DesktopSteps.ThenRawData參數表應包含("Layer1_AOI_Recipe_v1") (0.3s)
截圖已儲存: C:\Users\BaoGo\Documents\ClaudeCode_Project\SQA_Inspetion_App\Automation_testcase\Project_FlaUIBDD\Testcase_demo2_desktop_FlaUI_BDD\bin\Release\net8.0-windows\Screenshots\TC01_-_Import_Recipe_至_Recipe_data_011_step-end_步驟完成_233424124.png
And RawData 參數表應包含「W-20260605-001」
-> duration: Demo2DesktopSteps.ThenRawData參數表應包含("W-20260605-001"): 279.4ms
-> done: Demo2DesktopSteps.ThenRawData參數表應包含("W-20260605-001") (0.3s)
截圖已儲存: C:\Users\BaoGo\Documents\ClaudeCode_Project\SQA_Inspetion_App\Automation_testcase\Project_FlaUIBDD\Testcase_demo2_desktop_FlaUI_BDD\bin\Release\net8.0-windows\Screenshots\TC01_-_Import_Recipe_至_Recipe_data_012_step-end_步驟完成_233424500.png
And RawData 參數表應包含「Brightfield」
-> duration: Demo2DesktopSteps.ThenRawData參數表應包含("Brightfield"): 0.3s
-> done: Demo2DesktopSteps.ThenRawData參數表應包含("Brightfield") (0.3s)
截圖已儲存: C:\Users\BaoGo\Documents\ClaudeCode_Project\SQA_Inspetion_App\Automation_testcase\Project_FlaUIBDD\Testcase_demo2_desktop_FlaUI_BDD\bin\Release\net8.0-windows\Screenshots\TC01_-_Import_Recipe_至_Recipe_data_013_step-end_步驟完成_233424925.png
And 日誌區應包含「Import Recipe」
-> duration: Demo2DesktopSteps.Then日誌區應包含("Import Recipe"): 6.3s
-> done: Demo2DesktopSteps.Then日誌區應包含("Import Recipe") (6.3s)
截圖已儲存: C:\Users\BaoGo\Documents\ClaudeCode_Project\SQA_Inspetion_App\Automation_testcase\Project_FlaUIBDD\Testcase_demo2_desktop_FlaUI_BDD\bin\Release\net8.0-windows\Screenshots\TC01_-_Import_Recipe_至_Recipe_data_014_step-end_步驟完成_233431297.png
-> duration: TestHooks.AfterStep(): 0.3s
-> duration: Scenario: TC01 - Import Recipe 至 Recipe_data: 32.9s
截圖已儲存: C:\Users\BaoGo\Documents\ClaudeCode_Project\SQA_Inspetion_App\Automation_testcase\Project_FlaUIBDD\Testcase_demo2_desktop_FlaUI_BDD\bin\Release\net8.0-windows\Screenshots\TC01_-_Import_Recipe_至_Recipe_data_015_complete_測試完成_233431682.png
-> duration: TestHooks.AfterScenario(): 2.6s

]]></system-out>
    </testcase>
    <system-out>
Test Framework Informational Messages:
NUnit Adapter 5.0.0.0: Test execution started
Running selected tests in C:\Users\BaoGo\Documents\ClaudeCode_Project\SQA_Inspetion_App\Automation_testcase\Project_FlaUIBDD\Testcase_demo2_desktop_FlaUI_BDD\bin\Release\net8.0-windows\Testcase_demo2_desktop_FlaUI_BDD.dll
   NUnit3TestExecutor discovered 1 of 1 NUnit test cases using Current Discovery mode, Non-Explicit run
-&gt; duration: TestHooks.BeforeScenario(): 2.9s
Given 測試資料已就緒
-&gt; done: Demo2DesktopSteps.Given測試資料已就緒() (0.0s)
截圖已儲存: C:\Users\BaoGo\Documents\ClaudeCode_Project\SQA_Inspetion_App\Automation_testcase\Project_FlaUIBDD\Testcase_demo2_desktop_FlaUI_BDD\bin\Release\net8.0-windows\Screenshots\TC01_-_Import_Recipe_至_Recipe_data_001_step-end_步驟完成_233401771.png
-&gt; duration: TestHooks.AfterStep(): 188.5ms
And 應用程式已重新啟動
-&gt; duration: Demo2DesktopSteps.Given應用程式已重新啟動(): 4.4s
-&gt; done: Demo2DesktopSteps.Given應用程式已重新啟動() (4.4s)
截圖已儲存: C:\Users\BaoGo\Documents\ClaudeCode_Project\SQA_Inspetion_App\Automation_testcase\Project_FlaUIBDD\Testcase_demo2_desktop_FlaUI_BDD\bin\Release\net8.0-windows\Screenshots\TC01_-_Import_Recipe_至_Recipe_data_002_step-end_步驟完成_233406407.png
-&gt; duration: TestHooks.AfterStep(): 106.3ms
When 我點擊工具列「Import Recipe」
-&gt; duration: Demo2DesktopSteps.When我點擊工具列("Import Recipe"): 2.8s
-&gt; done: Demo2DesktopSteps.When我點擊工具列("Import Recipe") (2.8s)
截圖已儲存: C:\Users\BaoGo\Documents\ClaudeCode_Project\SQA_Inspetion_App\Automation_testcase\Project_FlaUIBDD\Testcase_demo2_desktop_FlaUI_BDD\bin\Release\net8.0-windows\Screenshots\TC01_-_Import_Recipe_至_Recipe_data_003_step-end_步驟完成_233409283.png
-&gt; duration: TestHooks.AfterStep(): 101.7ms
And 我在檔案對話框選擇樣本 InspectionRecipe_Sample.json
桌面截圖已儲存: C:\Users\BaoGo\Documents\ClaudeCode_Project\SQA_Inspetion_App\Automation_testcase\Project_FlaUIBDD\Testcase_demo2_desktop_FlaUI_BDD\bin\Release\net8.0-windows\Screenshots\TC01_-_Import_Recipe_至_Recipe_data_004_action_找不到檔名欄位_233414658.png
桌面截圖已儲存: C:\Users\BaoGo\Documents\ClaudeCode_Project\SQA_Inspetion_App\Automation_testcase\Project_FlaUIBDD\Testcase_demo2_desktop_FlaUI_BDD\bin\Release\net8.0-windows\Screenshots\TC01_-_Import_Recipe_至_Recipe_data_005_action_路徑已輸入__InspectionRecipe_Sample.json_233416118.png
-&gt; duration: Demo2DesktopSteps.When我在檔案對話框選擇樣本Recipe(): 11.6s
-&gt; done: Demo2DesktopSteps.When我在檔案對話框選擇樣本Recipe() (11.6s)
截圖已儲存: C:\Users\BaoGo\Documents\ClaudeCode_Project\SQA_Inspetion_App\Automation_testcase\Project_FlaUIBDD\Testcase_demo2_desktop_FlaUI_BDD\bin\Release\net8.0-windows\Screenshots\TC01_-_Import_Recipe_至_Recipe_data_006_step-end_步驟完成_233420971.png
And 我點擊工具列「RawData」
-&gt; duration: Demo2DesktopSteps.When我點擊工具列("RawData"): 2.1s
-&gt; done: Demo2DesktopSteps.When我點擊工具列("RawData") (2.1s)
截圖已儲存: C:\Users\BaoGo\Documents\ClaudeCode_Project\SQA_Inspetion_App\Automation_testcase\Project_FlaUIBDD\Testcase_demo2_desktop_FlaUI_BDD\bin\Release\net8.0-windows\Screenshots\TC01_-_Import_Recipe_至_Recipe_data_007_step-end_步驟完成_233423140.png
Then Recipe_data 應存在 InspectionRecipe_Sample.json
-&gt; done: Demo2DesktopSteps.ThenRecipe_data應存在Sample() (0.0s)
截圖已儲存: C:\Users\BaoGo\Documents\ClaudeCode_Project\SQA_Inspetion_App\Automation_testcase\Project_FlaUIBDD\Testcase_demo2_desktop_FlaUI_BDD\bin\Release\net8.0-windows\Screenshots\TC01_-_Import_Recipe_至_Recipe_data_008_step-end_步驟完成_233423243.png
And 資料表應可見
-&gt; done: Demo2DesktopSteps.Then資料表應可見() (0.1s)
截圖已儲存: C:\Users\BaoGo\Documents\ClaudeCode_Project\SQA_Inspetion_App\Automation_testcase\Project_FlaUIBDD\Testcase_demo2_desktop_FlaUI_BDD\bin\Release\net8.0-windows\Screenshots\TC01_-_Import_Recipe_至_Recipe_data_009_step-end_步驟完成_233423427.png
And RawData 視窗應顯示檔名 InspectionRecipe_Sample.json
-&gt; duration: Demo2DesktopSteps.ThenRawData視窗應顯示檔名("InspectionRecipe_..."): 177.8ms
-&gt; done: Demo2DesktopSteps.ThenRawData視窗應顯示檔名("InspectionRecipe_...") (0.2s)
截圖已儲存: C:\Users\BaoGo\Documents\ClaudeCode_Project\SQA_Inspetion_App\Automation_testcase\Project_FlaUIBDD\Testcase_demo2_desktop_FlaUI_BDD\bin\Release\net8.0-windows\Screenshots\TC01_-_Import_Recipe_至_Recipe_data_010_step-end_步驟完成_233423693.png
And RawData 參數表應包含「Layer1_AOI_Recipe_v1」
-&gt; duration: Demo2DesktopSteps.ThenRawData參數表應包含("Layer1_AOI_Recipe_v1"): 0.3s
-&gt; done: Demo2DesktopSteps.ThenRawData參數表應包含("Layer1_AOI_Recipe_v1") (0.3s)
截圖已儲存: C:\Users\BaoGo\Documents\ClaudeCode_Project\SQA_Inspetion_App\Automation_testcase\Project_FlaUIBDD\Testcase_demo2_desktop_FlaUI_BDD\bin\Release\net8.0-windows\Screenshots\TC01_-_Import_Recipe_至_Recipe_data_011_step-end_步驟完成_233424124.png
And RawData 參數表應包含「W-20260605-001」
-&gt; duration: Demo2DesktopSteps.ThenRawData參數表應包含("W-20260605-001"): 279.4ms
-&gt; done: Demo2DesktopSteps.ThenRawData參數表應包含("W-20260605-001") (0.3s)
截圖已儲存: C:\Users\BaoGo\Documents\ClaudeCode_Project\SQA_Inspetion_App\Automation_testcase\Project_FlaUIBDD\Testcase_demo2_desktop_FlaUI_BDD\bin\Release\net8.0-windows\Screenshots\TC01_-_Import_Recipe_至_Recipe_data_012_step-end_步驟完成_233424500.png
And RawData 參數表應包含「Brightfield」
-&gt; duration: Demo2DesktopSteps.ThenRawData參數表應包含("Brightfield"): 0.3s
-&gt; done: Demo2DesktopSteps.ThenRawData參數表應包含("Brightfield") (0.3s)
截圖已儲存: C:\Users\BaoGo\Documents\ClaudeCode_Project\SQA_Inspetion_App\Automation_testcase\Project_FlaUIBDD\Testcase_demo2_desktop_FlaUI_BDD\bin\Release\net8.0-windows\Screenshots\TC01_-_Import_Recipe_至_Recipe_data_013_step-end_步驟完成_233424925.png
And 日誌區應包含「Import Recipe」
-&gt; duration: Demo2DesktopSteps.Then日誌區應包含("Import Recipe"): 6.3s
-&gt; done: Demo2DesktopSteps.Then日誌區應包含("Import Recipe") (6.3s)
截圖已儲存: C:\Users\BaoGo\Documents\ClaudeCode_Project\SQA_Inspetion_App\Automation_testcase\Project_FlaUIBDD\Testcase_demo2_desktop_FlaUI_BDD\bin\Release\net8.0-windows\Screenshots\TC01_-_Import_Recipe_至_Recipe_data_014_step-end_步驟完成_233431297.png
-&gt; duration: TestHooks.AfterStep(): 0.3s
-&gt; duration: Scenario: TC01 - Import Recipe 至 Recipe_data: 32.9s
截圖已儲存: C:\Users\BaoGo\Documents\ClaudeCode_Project\SQA_Inspetion_App\Automation_testcase\Project_FlaUIBDD\Testcase_demo2_desktop_FlaUI_BDD\bin\Release\net8.0-windows\Screenshots\TC01_-_Import_Recipe_至_Recipe_data_015_complete_測試完成_233431682.png
-&gt; duration: TestHooks.AfterScenario(): 2.6s

NUnit Adapter 5.0.0.0: Test execution complete
</system-out>
    <system-err></system-err>
  </testsuite>
</testsuites>